Added Component: Designator=C1(C0805)
Add component (AddParameter): Name = "LatestRevisionDate"; Value = "29-May-2009"; VariantName = "[No Variations]"
Add component (AddParameter): Name = "LatestRevisionNote"; Value = "IPC-7351 Footprint Added."; VariantName = "[No Variations]"
Add component (AddParameter): Name = "PackageDescription"; Value = "Chip Capacitor"; VariantName = "[No Variations]"
Add component (AddParameter): Name = "PackageReference"; Value = "C0805"; VariantName = "[No Variations]"
Add component (AddParameter): Name = "Published"; Value = "8-Jun-2000"; VariantName = "[No Variations]"
Add component (AddParameter): Name = "Publisher"; Value = "Altium Limited"; VariantName = "[No Variations]"
Add component (AddParameter): Name = "Value"; Value = "10uF"; VariantName = "[No Variations]"
Added Component: Designator=C2(C0805)
Add component (AddParameter): Name = "LatestRevisionDate"; Value = "29-May-2009"; VariantName = "[No Variations]"
Add component (AddParameter): Name = "LatestRevisionNote"; Value = "IPC-7351 Footprint Added."; VariantName = "[No Variations]"
Add component (AddParameter): Name = "PackageDescription"; Value = "Chip Capacitor"; VariantName = "[No Variations]"
Add component (AddParameter): Name = "PackageReference"; Value = "C0805"; VariantName = "[No Variations]"
Add component (AddParameter): Name = "Published"; Value = "8-Jun-2000"; VariantName = "[No Variations]"
Add component (AddParameter): Name = "Publisher"; Value = "Altium Limited"; VariantName = "[No Variations]"
Add component (AddParameter): Name = "Value"; Value = "100nF"; VariantName = "[No Variations]"
Added Component: Designator=C3(C0805)
Add component (AddParameter): Name = "LatestRevisionDate"; Value = "29-May-2009"; VariantName = "[No Variations]"
Add component (AddParameter): Name = "LatestRevisionNote"; Value = "IPC-7351 Footprint Added."; VariantName = "[No Variations]"
Add component (AddParameter): Name = "PackageDescription"; Value = "Chip Capacitor"; VariantName = "[No Variations]"
Add component (AddParameter): Name = "PackageReference"; Value = "C0805"; VariantName = "[No Variations]"
Add component (AddParameter): Name = "Published"; Value = "8-Jun-2000"; VariantName = "[No Variations]"
Add component (AddParameter): Name = "Publisher"; Value = "Altium Limited"; VariantName = "[No Variations]"
Add component (AddParameter): Name = "Value"; Value = "10uF"; VariantName = "[No Variations]"
Added Component: Designator=C4(C0805)
Add component (AddParameter): Name = "LatestRevisionDate"; Value = "29-May-2009"; VariantName = "[No Variations]"
Add component (AddParameter): Name = "LatestRevisionNote"; Value = "IPC-7351 Footprint Added."; VariantName = "[No Variations]"
Add component (AddParameter): Name = "PackageDescription"; Value = "Chip Capacitor"; VariantName = "[No Variations]"
Add component (AddParameter): Name = "PackageReference"; Value = "C0805"; VariantName = "[No Variations]"
Add component (AddParameter): Name = "Published"; Value = "8-Jun-2000"; VariantName = "[No Variations]"
Add component (AddParameter): Name = "Publisher"; Value = "Altium Limited"; VariantName = "[No Variations]"
Add component (AddParameter): Name = "Value"; Value = "100nF"; VariantName = "[No Variations]"
Added Component: Designator=C5(C0805)
Add component (AddParameter): Name = "LatestRevisionDate"; Value = "29-May-2009"; VariantName = "[No Variations]"
Add component (AddParameter): Name = "LatestRevisionNote"; Value = "IPC-7351 Footprint Added."; VariantName = "[No Variations]"
Add component (AddParameter): Name = "PackageDescription"; Value = "Chip Capacitor"; VariantName = "[No Variations]"
Add component (AddParameter): Name = "PackageReference"; Value = "C0805"; VariantName = "[No Variations]"
Add component (AddParameter): Name = "Published"; Value = "8-Jun-2000"; VariantName = "[No Variations]"
Add component (AddParameter): Name = "Publisher"; Value = "Altium Limited"; VariantName = "[No Variations]"
Add component (AddParameter): Name = "Value"; Value = "100pF"; VariantName = "[No Variations]"
Added Component: Designator=C6(C0805)
Add component (AddParameter): Name = "LatestRevisionDate"; Value = "29-May-2009"; VariantName = "[No Variations]"
Add component (AddParameter): Name = "LatestRevisionNote"; Value = "IPC-7351 Footprint Added."; VariantName = "[No Variations]"
Add component (AddParameter): Name = "PackageDescription"; Value = "Chip Capacitor"; VariantName = "[No Variations]"
Add component (AddParameter): Name = "PackageReference"; Value = "C0805"; VariantName = "[No Variations]"
Add component (AddParameter): Name = "Published"; Value = "8-Jun-2000"; VariantName = "[No Variations]"
Add component (AddParameter): Name = "Publisher"; Value = "Altium Limited"; VariantName = "[No Variations]"
Add component (AddParameter): Name = "Value"; Value = "100nF"; VariantName = "[No Variations]"
Added Component: Designator=C7(C0805)
Add component (AddParameter): Name = "LatestRevisionDate"; Value = "29-May-2009"; VariantName = "[No Variations]"
Add component (AddParameter): Name = "LatestRevisionNote"; Value = "IPC-7351 Footprint Added."; VariantName = "[No Variations]"
Add component (AddParameter): Name = "PackageDescription"; Value = "Chip Capacitor"; VariantName = "[No Variations]"
Add component (AddParameter): Name = "PackageReference"; Value = "C0805"; VariantName = "[No Variations]"
Add component (AddParameter): Name = "Published"; Value = "8-Jun-2000"; VariantName = "[No Variations]"
Add component (AddParameter): Name = "Publisher"; Value = "Altium Limited"; VariantName = "[No Variations]"
Add component (AddParameter): Name = "Value"; Value = "1uF"; VariantName = "[No Variations]"
Added Component: Designator=CbpIN(C0805)
Add component (AddParameter): Name = "LatestRevisionDate"; Value = "29-May-2009"; VariantName = "[No Variations]"
Add component (AddParameter): Name = "LatestRevisionNote"; Value = "IPC-7351 Footprint Added."; VariantName = "[No Variations]"
Add component (AddParameter): Name = "PackageDescription"; Value = "Chip Capacitor"; VariantName = "[No Variations]"
Add component (AddParameter): Name = "PackageReference"; Value = "C0805"; VariantName = "[No Variations]"
Add component (AddParameter): Name = "Published"; Value = "8-Jun-2000"; VariantName = "[No Variations]"
Add component (AddParameter): Name = "Publisher"; Value = "Altium Limited"; VariantName = "[No Variations]"
Add component (AddParameter): Name = "Value"; Value = "1uF"; VariantName = "[No Variations]"
Added Component: Designator=CbpOUT(C0805)
Add component (AddParameter): Name = "LatestRevisionDate"; Value = "29-May-2009"; VariantName = "[No Variations]"
Add component (AddParameter): Name = "LatestRevisionNote"; Value = "IPC-7351 Footprint Added."; VariantName = "[No Variations]"
Add component (AddParameter): Name = "PackageDescription"; Value = "Chip Capacitor"; VariantName = "[No Variations]"
Add component (AddParameter): Name = "PackageReference"; Value = "C0805"; VariantName = "[No Variations]"
Add component (AddParameter): Name = "Published"; Value = "8-Jun-2000"; VariantName = "[No Variations]"
Add component (AddParameter): Name = "Publisher"; Value = "Altium Limited"; VariantName = "[No Variations]"
Add component (AddParameter): Name = "Value"; Value = "1uF"; VariantName = "[No Variations]"
Added Component: Designator=Cx1(C0805)
Add component (AddParameter): Name = "LatestRevisionDate"; Value = "29-May-2009"; VariantName = "[No Variations]"
Add component (AddParameter): Name = "LatestRevisionNote"; Value = "IPC-7351 Footprint Added."; VariantName = "[No Variations]"
Add component (AddParameter): Name = "PackageDescription"; Value = "Chip Capacitor"; VariantName = "[No Variations]"
Add component (AddParameter): Name = "PackageReference"; Value = "C0805"; VariantName = "[No Variations]"
Add component (AddParameter): Name = "Published"; Value = "8-Jun-2000"; VariantName = "[No Variations]"
Add component (AddParameter): Name = "Publisher"; Value = "Altium Limited"; VariantName = "[No Variations]"
Add component (AddParameter): Name = "Value"; Value = "25pF"; VariantName = "[No Variations]"
Added Component: Designator=Cx2(C0805)
Add component (AddParameter): Name = "LatestRevisionDate"; Value = "29-May-2009"; VariantName = "[No Variations]"
Add component (AddParameter): Name = "LatestRevisionNote"; Value = "IPC-7351 Footprint Added."; VariantName = "[No Variations]"
Add component (AddParameter): Name = "PackageDescription"; Value = "Chip Capacitor"; VariantName = "[No Variations]"
Add component (AddParameter): Name = "PackageReference"; Value = "C0805"; VariantName = "[No Variations]"
Add component (AddParameter): Name = "Published"; Value = "8-Jun-2000"; VariantName = "[No Variations]"
Add component (AddParameter): Name = "Publisher"; Value = "Altium Limited"; VariantName = "[No Variations]"
Add component (AddParameter): Name = "Value"; Value = "25pF"; VariantName = "[No Variations]"
Added Component: Designator=I2C(HDR1X2H)
Add component (AddParameter): Name = "LatestRevisionDate"; Value = "17-Jul-2002"; VariantName = "[No Variations]"
Add component (AddParameter): Name = "LatestRevisionNote"; Value = "Re-released for DXP Platform."; VariantName = "[No Variations]"
Add component (AddParameter): Name = "Publisher"; Value = "Altium Limited"; VariantName = "[No Variations]"
Added Component: Designator=J(MOLEX_1051330001)
Add component (AddParameter): Name = "Availability"; Value = "Unavailable"; VariantName = "[No Variations]"
Add component (AddParameter): Name = "MF"; Value = "Molex"; VariantName = "[No Variations]"
Add component (AddParameter): Name = "MP"; Value = "105133-0001"; VariantName = "[No Variations]"
Add component (AddParameter): Name = "Package"; Value = "None"; VariantName = "[No Variations]"
Add component (AddParameter): Name = "Price"; Value = "None"; VariantName = "[No Variations]"
Add component (AddParameter): Name = "SnapEDA_Link"; Value = "https://www.snapeda.com/parts/105133-0001/Molex/view-part/4775133/?ref=snap"; VariantName = "[No Variations]"
Add component (AddParameter): Name = "Value"; Value = ""; VariantName = "[No Variations]"
Added Component: Designator=L1(Inductor)
Added Component: Designator=LDO(SOT_RG1_DIO)
Add component (AddParameter): Name = "Built_By"; Value = "EMA_Matt"; VariantName = "[No Variations]"
Add component (AddParameter): Name = "Copyright"; Value = "Copyright (C) 2018 Accelerated Designs. All rights reserved"; VariantName = "[No Variations]"
Add component (AddParameter): Name = "Manufacturer_Part_Number"; Value = "AP2112K-3.3TRG1"; VariantName = "[No Variations]"
Add component (AddParameter): Name = "RefDes"; Value = "RefDes"; VariantName = "[No Variations]"
Add component (AddParameter): Name = "SourceLibrary"; Value = "Diodes_Inc_2019-12-05"; VariantName = "[No Variations]"
Add component (AddParameter): Name = "Type"; Value = "DEV"; VariantName = "[No Variations]"
Add component (AddParameter): Name = "Vendor"; Value = "Diodes Inc"; VariantName = "[No Variations]"
Added Component: Designator=LED(6-0805_N)
Add component (AddParameter): Name = "Code_IPC"; Value = "RESC2012"; VariantName = "[No Variations]"
Add component (AddParameter): Name = "LatestRevisionDate"; Value = "29-May-2009"; VariantName = "[No Variations]"
Add component (AddParameter): Name = "LatestRevisionNote"; Value = "IPC-7351 Footprint Added."; VariantName = "[No Variations]"
Add component (AddParameter): Name = "PackageDescription"; Value = "Chip Resistor 0805 Case Size"; VariantName = "[No Variations]"
Add component (AddParameter): Name = "PackageReference"; Value = "6-0805"; VariantName = "[No Variations]"
Add component (AddParameter): Name = "PackageVersion"; Value = "Mar-2003"; VariantName = "[No Variations]"
Add component (AddParameter): Name = "Published"; Value = "24-Mar-1999"; VariantName = "[No Variations]"
Add component (AddParameter): Name = "Publisher"; Value = "Altium Limited"; VariantName = "[No Variations]"
Added Component: Designator=P_VDD_SWD(HDR1X2H)
Add component (AddParameter): Name = "LatestRevisionDate"; Value = "17-Jul-2002"; VariantName = "[No Variations]"
Add component (AddParameter): Name = "LatestRevisionNote"; Value = "Re-released for DXP Platform."; VariantName = "[No Variations]"
Add component (AddParameter): Name = "Publisher"; Value = "Altium Limited"; VariantName = "[No Variations]"
Added Component: Designator=POWER(HDR1X2H)
Add component (AddParameter): Name = "LatestRevisionDate"; Value = "17-Jul-2002"; VariantName = "[No Variations]"
Add component (AddParameter): Name = "LatestRevisionNote"; Value = "Re-released for DXP Platform."; VariantName = "[No Variations]"
Add component (AddParameter): Name = "Publisher"; Value = "Altium Limited"; VariantName = "[No Variations]"
Added Component: Designator=RESET(HDR1X2H)
Add component (AddParameter): Name = "LatestRevisionDate"; Value = "17-Jul-2002"; VariantName = "[No Variations]"
Add component (AddParameter): Name = "LatestRevisionNote"; Value = "Re-released for DXP Platform."; VariantName = "[No Variations]"
Add component (AddParameter): Name = "Publisher"; Value = "Altium Limited"; VariantName = "[No Variations]"
Added Component: Designator=Rled(6-0805_N)
Add component (AddParameter): Name = "Code_IPC"; Value = "RESC2012"; VariantName = "[No Variations]"
Add component (AddParameter): Name = "LatestRevisionDate"; Value = "29-May-2009"; VariantName = "[No Variations]"
Add component (AddParameter): Name = "LatestRevisionNote"; Value = "IPC-7351 Footprint Added."; VariantName = "[No Variations]"
Add component (AddParameter): Name = "PackageDescription"; Value = "Chip Resistor 0805 Case Size"; VariantName = "[No Variations]"
Add component (AddParameter): Name = "PackageReference"; Value = "6-0805"; VariantName = "[No Variations]"
Add component (AddParameter): Name = "PackageVersion"; Value = "Mar-2003"; VariantName = "[No Variations]"
Add component (AddParameter): Name = "Published"; Value = "24-Mar-1999"; VariantName = "[No Variations]"
Add component (AddParameter): Name = "Publisher"; Value = "Altium Limited"; VariantName = "[No Variations]"
Added Component: Designator=Rpull(6-0805_N)
Add component (AddParameter): Name = "Code_IPC"; Value = "RESC2012"; VariantName = "[No Variations]"
Add component (AddParameter): Name = "LatestRevisionDate"; Value = "29-May-2009"; VariantName = "[No Variations]"
Add component (AddParameter): Name = "LatestRevisionNote"; Value = "IPC-7351 Footprint Added."; VariantName = "[No Variations]"
Add component (AddParameter): Name = "PackageDescription"; Value = "Chip Resistor 0805 Case Size"; VariantName = "[No Variations]"
Add component (AddParameter): Name = "PackageReference"; Value = "6-0805"; VariantName = "[No Variations]"
Add component (AddParameter): Name = "PackageVersion"; Value = "Mar-2003"; VariantName = "[No Variations]"
Add component (AddParameter): Name = "Published"; Value = "24-Mar-1999"; VariantName = "[No Variations]"
Add component (AddParameter): Name = "Publisher"; Value = "Altium Limited"; VariantName = "[No Variations]"
Added Component: Designator=Signals(HDR1X6)
Add component (AddParameter): Name = "LatestRevisionDate"; Value = "17-Jul-2002"; VariantName = "[No Variations]"
Add component (AddParameter): Name = "LatestRevisionNote"; Value = "Re-released for DXP Platform."; VariantName = "[No Variations]"
Add component (AddParameter): Name = "Publisher"; Value = "Altium Limited"; VariantName = "[No Variations]"
Added Component: Designator=SWD(FTSH-105-01-XXX-DV-K)
Add component (AddParameter): Name = "CREATED"; Value = "November 30, 2016 - Wendy Xin"; VariantName = "[No Variations]"
Add component (AddParameter): Name = "MANUFACTURER"; Value = "SAMTEC"; VariantName = "[No Variations]"
Add component (AddParameter): Name = "MODIFIED"; Value = ""; VariantName = "[No Variations]"
Add component (AddParameter): Name = "PCB DECAL"; Value = "FTSH-105-01-XXX-DV-K"; VariantName = "[No Variations]"
Added Component: Designator=USB_ID(HDR1X2H)
Add component (AddParameter): Name = "LatestRevisionDate"; Value = "17-Jul-2002"; VariantName = "[No Variations]"
Add component (AddParameter): Name = "LatestRevisionNote"; Value = "Re-released for DXP Platform."; VariantName = "[No Variations]"
Add component (AddParameter): Name = "Publisher"; Value = "Altium Limited"; VariantName = "[No Variations]"
Added Component: Designator=USB_VBUS(HDR1X2H)
Add component (AddParameter): Name = "LatestRevisionDate"; Value = "17-Jul-2002"; VariantName = "[No Variations]"
Add component (AddParameter): Name = "LatestRevisionNote"; Value = "Re-released for DXP Platform."; VariantName = "[No Variations]"
Add component (AddParameter): Name = "Publisher"; Value = "Altium Limited"; VariantName = "[No Variations]"
Added Component: Designator=U(QFP80P1600X1600X120-64N)
Add component (AddParameter): Name = "Availability"; Value = "Unavailable"; VariantName = "[No Variations]"
Add component (AddParameter): Name = "MF"; Value = "Microchip"; VariantName = "[No Variations]"
Add component (AddParameter): Name = "MP"; Value = "ATSAMD21J18A-AU"; VariantName = "[No Variations]"
Add component (AddParameter): Name = "Package"; Value = "TQFP-64 Microchip"; VariantName = "[No Variations]"
Add component (AddParameter): Name = "Price"; Value = "None"; VariantName = "[No Variations]"
Add component (AddParameter): Name = "SnapEDA_Link"; Value = "https://www.snapeda.com/parts/ATSAMD21J18A-AU/Microchip/view-part/588919/?ref=snap"; VariantName = "[No Variations]"
Add component (AddParameter): Name = "Value"; Value = ""; VariantName = "[No Variations]"
Added Component: Designator=Y(XTAL_ABS06-32.768KHZ-T)
Add component (AddParameter): Name = "Availability"; Value = "Unavailable"; VariantName = "[No Variations]"
Add component (AddParameter): Name = "DigiKey-Purchase-URL"; Value = "https://snapeda.com/shop?store=DigiKey&id=108994"; VariantName = "[No Variations]"
Add component (AddParameter): Name = "MF"; Value = "Abracon"; VariantName = "[No Variations]"
Add component (AddParameter): Name = "MP"; Value = "ABS06-32.768KHZ-T"; VariantName = "[No Variations]"
Add component (AddParameter): Name = "Package"; Value = "SMD-2 Abracon"; VariantName = "[No Variations]"
Add component (AddParameter): Name = "Price"; Value = "None"; VariantName = "[No Variations]"
Add component (AddParameter): Name = "SnapEDA_Link"; Value = "https://www.snapeda.com/parts/ABS06-32.768KHZ-T/Abracon%20LLC/view-part/108994/?ref=snap"; VariantName = "[No Variations]"
Add component (AddParameter): Name = "Value"; Value = ""; VariantName = "[No Variations]"
Added Pin To Net: NetName=VCC Pin=C1-1
Added Pin To Net: NetName=GND Pin=C1-2
Added Pin To Net: NetName=NetC2_1 Pin=C2-1
Added Pin To Net: NetName=GND Pin=C2-2
Added Pin To Net: NetName=NetC2_1 Pin=C3-1
Added Pin To Net: NetName=GND Pin=C3-2
Added Pin To Net: NetName=VCC Pin=C4-1
Added Pin To Net: NetName=GND Pin=C4-2
Added Pin To Net: NetName=VCC Pin=C5-1
Added Pin To Net: NetName=GND Pin=C5-2
Added Pin To Net: NetName=VCC Pin=C6-1
Added Pin To Net: NetName=GND Pin=C6-2
Added Pin To Net: NetName=NetC7_1 Pin=C7-1
Added Pin To Net: NetName=GND Pin=C7-2
Added Pin To Net: NetName=NetCbpIN_1 Pin=CbpIN-1
Added Pin To Net: NetName=GND Pin=CbpIN-2
Added Pin To Net: NetName=VCC Pin=CbpOUT-1
Added Pin To Net: NetName=GND Pin=CbpOUT-2
Added Pin To Net: NetName=NetCx1_1 Pin=Cx1-1
Added Pin To Net: NetName=GND Pin=Cx1-2
Added Pin To Net: NetName=NetCx2_1 Pin=Cx2-1
Added Pin To Net: NetName=GND Pin=Cx2-2
Added Pin To Net: NetName=NetI2C_1 Pin=I2C-1
Added Pin To Net: NetName=NetI2C_2 Pin=I2C-2
Added Pin To Net: NetName=NetJ_1 Pin=J-1
Added Pin To Net: NetName=NetJ_2 Pin=J-2
Added Pin To Net: NetName=NetJ_3 Pin=J-3
Added Pin To Net: NetName=NetJ_4 Pin=J-4
Added Pin To Net: NetName=GND Pin=J-5
Added Pin To Net: NetName=GND Pin=J-S1
Added Pin To Net: NetName=GND Pin=J-S2
Added Pin To Net: NetName=GND Pin=J-S3
Added Pin To Net: NetName=NetC2_1 Pin=L1-1
Added Pin To Net: NetName=VCC Pin=L1-2
Added Pin To Net: NetName=NetCbpIN_1 Pin=LDO-1
Added Pin To Net: NetName=GND Pin=LDO-2
Added Pin To Net: NetName=NetCbpIN_1 Pin=LDO-3
Added Pin To Net: NetName=VCC Pin=LDO-5
Added Pin To Net: NetName=VCC Pin=LED-1
Added Pin To Net: NetName=NetLED_2 Pin=LED-2
Added Pin To Net: NetName=VCC Pin=P_VDD_SWD-1
Added Pin To Net: NetName=NetP_VDD_SWD_2 Pin=P_VDD_SWD-2
Added Pin To Net: NetName=NetCbpIN_1 Pin=POWER-1
Added Pin To Net: NetName=GND Pin=POWER-2
Added Pin To Net: NetName=NetRESET_1 Pin=RESET-1
Added Pin To Net: NetName=GND Pin=RESET-2
Added Pin To Net: NetName=NetLED_2 Pin=Rled-1
Added Pin To Net: NetName=GND Pin=Rled-2
Added Pin To Net: NetName=VCC Pin=Rpull-1
Added Pin To Net: NetName=NetRESET_1 Pin=Rpull-2
Added Pin To Net: NetName=NetHeader_PA02 Pin=Signals-1
Added Pin To Net: NetName=NetHeader_PA03 Pin=Signals-2
Added Pin To Net: NetName=NetHeader_PA04 Pin=Signals-3
Added Pin To Net: NetName=NetHeader_PA08 Pin=Signals-4
Added Pin To Net: NetName=NetHeader_PA09 Pin=Signals-5
Added Pin To Net: NetName=NetHeader_PA10 Pin=Signals-6
Added Pin To Net: NetName=NetP_VDD_SWD_2 Pin=SWD-1
Added Pin To Net: NetName=NetSWD_2 Pin=SWD-2
Added Pin To Net: NetName=GND Pin=SWD-3
Added Pin To Net: NetName=NetSWD_4 Pin=SWD-4
Added Pin To Net: NetName=GND Pin=SWD-5
Added Pin To Net: NetName=NetRESET_1 Pin=SWD-10
Added Pin To Net: NetName=NetCx1_1 Pin=U-1
Added Pin To Net: NetName=NetCx2_1 Pin=U-2
Added Pin To Net: NetName=NetHeader_PA02 Pin=U-3
Added Pin To Net: NetName=NetHeader_PA03 Pin=U-4
Added Pin To Net: NetName=GND Pin=U-7
Added Pin To Net: NetName=NetC2_1 Pin=U-8
Added Pin To Net: NetName=NetHeader_PA04 Pin=U-13
Added Pin To Net: NetName=NetHeader_PA08 Pin=U-17
Added Pin To Net: NetName=NetHeader_PA09 Pin=U-18
Added Pin To Net: NetName=NetHeader_PA10 Pin=U-19
Added Pin To Net: NetName=VCC Pin=U-21
Added Pin To Net: NetName=GND Pin=U-22
Added Pin To Net: NetName=GND Pin=U-33
Added Pin To Net: NetName=VCC Pin=U-34
Added Pin To Net: NetName=NetI2C_1 Pin=U-43
Added Pin To Net: NetName=NetI2C_2 Pin=U-44
Added Pin To Net: NetName=NetJ_2 Pin=U-45
Added Pin To Net: NetName=NetJ_3 Pin=U-46
Added Pin To Net: NetName=GND Pin=U-47
Added Pin To Net: NetName=VCC Pin=U-48
Added Pin To Net: NetName=NetRESET_1 Pin=U-52
Added Pin To Net: NetName=NetU_53 Pin=U-53
Added Pin To Net: NetName=GND Pin=U-54
Added Pin To Net: NetName=NetC7_1 Pin=U-55
Added Pin To Net: NetName=VCC Pin=U-56
Added Pin To Net: NetName=NetSWD_4 Pin=U-57
Added Pin To Net: NetName=NetSWD_2 Pin=U-58
Added Pin To Net: NetName=NetU_53 Pin=USB_ID-1
Added Pin To Net: NetName=NetJ_4 Pin=USB_ID-2
Added Pin To Net: NetName=GND Pin=USB_VBUS-1
Added Pin To Net: NetName=NetJ_1 Pin=USB_VBUS-2
Added Pin To Net: NetName=NetCx1_1 Pin=Y-1
Added Pin To Net: NetName=NetCx2_1 Pin=Y-2
Change Net Name : Old Net Name=NetHeader_PA02 New Net Name=NetSignals_1
Change Net Name : Old Net Name=NetHeader_PA03 New Net Name=NetSignals_2
Change Net Name : Old Net Name=NetHeader_PA04 New Net Name=NetSignals_3
Change Net Name : Old Net Name=NetHeader_PA08 New Net Name=NetSignals_4
Change Net Name : Old Net Name=NetHeader_PA09 New Net Name=NetSignals_5
Change Net Name : Old Net Name=NetHeader_PA10 New Net Name=NetSignals_6
Added Member To Class: ClassName=SAMD21_Base_schematic Member=Component C1 Cap Pol3
Added Member To Class: ClassName=SAMD21_Base_schematic Member=Component C2 Cap Pol3
Added Member To Class: ClassName=SAMD21_Base_schematic Member=Component C3 Cap Pol3
Added Member To Class: ClassName=SAMD21_Base_schematic Member=Component C4 Cap Pol3
Added Member To Class: ClassName=SAMD21_Base_schematic Member=Component C5 Cap Pol3
Added Member To Class: ClassName=SAMD21_Base_schematic Member=Component C6 Cap Pol3
Added Member To Class: ClassName=SAMD21_Base_schematic Member=Component C7 Cap Pol3
Added Member To Class: ClassName=SAMD21_Base_schematic Member=Component CbpIN Cap Pol3
Added Member To Class: ClassName=SAMD21_Base_schematic Member=Component CbpOUT Cap Pol3
Added Member To Class: ClassName=SAMD21_Base_schematic Member=Component Cx1 Cap Pol3
Added Member To Class: ClassName=SAMD21_Base_schematic Member=Component Cx2 Cap Pol3
Added Member To Class: ClassName=SAMD21_Base_schematic Member=Component I2C Header 2H
Added Member To Class: ClassName=SAMD21_Base_schematic Member=Component J 1051330001
Added Member To Class: ClassName=SAMD21_Base_schematic Member=Component L1 SRP4012TA-100M
Added Member To Class: ClassName=SAMD21_Base_schematic Member=Component LDO AP2112K-3.3TRG1
Added Member To Class: ClassName=SAMD21_Base_schematic Member=Component LED Res Thermal
Added Member To Class: ClassName=SAMD21_Base_schematic Member=Component P_VDD_SWD Header 2H
Added Member To Class: ClassName=SAMD21_Base_schematic Member=Component POWER Header 2H
Added Member To Class: ClassName=SAMD21_Base_schematic Member=Component RESET Header 2H
Added Member To Class: ClassName=SAMD21_Base_schematic Member=Component Rled Res Thermal
Added Member To Class: ClassName=SAMD21_Base_schematic Member=Component Rpull Res Thermal
Added Member To Class: ClassName=SAMD21_Base_schematic Member=Component Signals Header 6
Added Member To Class: ClassName=SAMD21_Base_schematic Member=Component SWD FTSH-105-01-XXX-DV-K
Added Member To Class: ClassName=SAMD21_Base_schematic Member=Component USB_ID Header 2H
Added Member To Class: ClassName=SAMD21_Base_schematic Member=Component USB_VBUS Header 2H
Added Member To Class: ClassName=SAMD21_Base_schematic Member=Component U ATSAMD21J18A-AU
Added Member To Class: ClassName=SAMD21_Base_schematic Member=Component Y ABS06-32.768KHZ-T
Added Room: Name=SAMD21_Base_schematic
