Added Component: Designator=C1(C0805)
Add component (AddParameter): Name = "LatestRevisionDate"; Value = "29-May-2009"; VariantName = "[No Variations]"
Add component (AddParameter): Name = "LatestRevisionNote"; Value = "IPC-7351 Footprint Added."; VariantName = "[No Variations]"
Add component (AddParameter): Name = "PackageDescription"; Value = "Chip Capacitor"; VariantName = "[No Variations]"
Add component (AddParameter): Name = "PackageReference"; Value = "C0805"; VariantName = "[No Variations]"
Add component (AddParameter): Name = "Published"; Value = "8-Jun-2000"; VariantName = "[No Variations]"
Add component (AddParameter): Name = "Publisher"; Value = "Altium Limited"; VariantName = "[No Variations]"
Add component (AddParameter): Name = "Value"; Value = "10uF"; VariantName = "[No Variations]"
Added Component: Designator=C2(C0805)
Add component (AddParameter): Name = "LatestRevisionDate"; Value = "29-May-2009"; VariantName = "[No Variations]"
Add component (AddParameter): Name = "LatestRevisionNote"; Value = "IPC-7351 Footprint Added."; VariantName = "[No Variations]"
Add component (AddParameter): Name = "PackageDescription"; Value = "Chip Capacitor"; VariantName = "[No Variations]"
Add component (AddParameter): Name = "PackageReference"; Value = "C0805"; VariantName = "[No Variations]"
Add component (AddParameter): Name = "Published"; Value = "8-Jun-2000"; VariantName = "[No Variations]"
Add component (AddParameter): Name = "Publisher"; Value = "Altium Limited"; VariantName = "[No Variations]"
Add component (AddParameter): Name = "Value"; Value = "100nF"; VariantName = "[No Variations]"
Added Component: Designator=C3(C0805)
Add component (AddParameter): Name = "LatestRevisionDate"; Value = "29-May-2009"; VariantName = "[No Variations]"
Add component (AddParameter): Name = "LatestRevisionNote"; Value = "IPC-7351 Footprint Added."; VariantName = "[No Variations]"
Add component (AddParameter): Name = "PackageDescription"; Value = "Chip Capacitor"; VariantName = "[No Variations]"
Add component (AddParameter): Name = "PackageReference"; Value = "C0805"; VariantName = "[No Variations]"
Add component (AddParameter): Name = "Published"; Value = "8-Jun-2000"; VariantName = "[No Variations]"
Add component (AddParameter): Name = "Publisher"; Value = "Altium Limited"; VariantName = "[No Variations]"
Add component (AddParameter): Name = "Value"; Value = "10uF"; VariantName = "[No Variations]"
Added Component: Designator=C4(C0805)
Add component (AddParameter): Name = "LatestRevisionDate"; Value = "29-May-2009"; VariantName = "[No Variations]"
Add component (AddParameter): Name = "LatestRevisionNote"; Value = "IPC-7351 Footprint Added."; VariantName = "[No Variations]"
Add component (AddParameter): Name = "PackageDescription"; Value = "Chip Capacitor"; VariantName = "[No Variations]"
Add component (AddParameter): Name = "PackageReference"; Value = "C0805"; VariantName = "[No Variations]"
Add component (AddParameter): Name = "Published"; Value = "8-Jun-2000"; VariantName = "[No Variations]"
Add component (AddParameter): Name = "Publisher"; Value = "Altium Limited"; VariantName = "[No Variations]"
Add component (AddParameter): Name = "Value"; Value = "100nF"; VariantName = "[No Variations]"
Added Component: Designator=C5(C0805)
Add component (AddParameter): Name = "LatestRevisionDate"; Value = "29-May-2009"; VariantName = "[No Variations]"
Add component (AddParameter): Name = "LatestRevisionNote"; Value = "IPC-7351 Footprint Added."; VariantName = "[No Variations]"
Add component (AddParameter): Name = "PackageDescription"; Value = "Chip Capacitor"; VariantName = "[No Variations]"
Add component (AddParameter): Name = "PackageReference"; Value = "C0805"; VariantName = "[No Variations]"
Add component (AddParameter): Name = "Published"; Value = "8-Jun-2000"; VariantName = "[No Variations]"
Add component (AddParameter): Name = "Publisher"; Value = "Altium Limited"; VariantName = "[No Variations]"
Add component (AddParameter): Name = "Value"; Value = "100pF"; VariantName = "[No Variations]"
Added Component: Designator=C6(C0805)
Add component (AddParameter): Name = "LatestRevisionDate"; Value = "29-May-2009"; VariantName = "[No Variations]"
Add component (AddParameter): Name = "LatestRevisionNote"; Value = "IPC-7351 Footprint Added."; VariantName = "[No Variations]"
Add component (AddParameter): Name = "PackageDescription"; Value = "Chip Capacitor"; VariantName = "[No Variations]"
Add component (AddParameter): Name = "PackageReference"; Value = "C0805"; VariantName = "[No Variations]"
Add component (AddParameter): Name = "Published"; Value = "8-Jun-2000"; VariantName = "[No Variations]"
Add component (AddParameter): Name = "Publisher"; Value = "Altium Limited"; VariantName = "[No Variations]"
Add component (AddParameter): Name = "Value"; Value = "100nF"; VariantName = "[No Variations]"
Added Component: Designator=C7(C0805)
Add component (AddParameter): Name = "LatestRevisionDate"; Value = "29-May-2009"; VariantName = "[No Variations]"
Add component (AddParameter): Name = "LatestRevisionNote"; Value = "IPC-7351 Footprint Added."; VariantName = "[No Variations]"
Add component (AddParameter): Name = "PackageDescription"; Value = "Chip Capacitor"; VariantName = "[No Variations]"
Add component (AddParameter): Name = "PackageReference"; Value = "C0805"; VariantName = "[No Variations]"
Add component (AddParameter): Name = "Published"; Value = "8-Jun-2000"; VariantName = "[No Variations]"
Add component (AddParameter): Name = "Publisher"; Value = "Altium Limited"; VariantName = "[No Variations]"
Add component (AddParameter): Name = "Value"; Value = "1uF"; VariantName = "[No Variations]"
Added Component: Designator=CbpIN(C0805)
Add component (AddParameter): Name = "LatestRevisionDate"; Value = "29-May-2009"; VariantName = "[No Variations]"
Add component (AddParameter): Name = "LatestRevisionNote"; Value = "IPC-7351 Footprint Added."; VariantName = "[No Variations]"
Add component (AddParameter): Name = "PackageDescription"; Value = "Chip Capacitor"; VariantName = "[No Variations]"
Add component (AddParameter): Name = "PackageReference"; Value = "C0805"; VariantName = "[No Variations]"
Add component (AddParameter): Name = "Published"; Value = "8-Jun-2000"; VariantName = "[No Variations]"
Add component (AddParameter): Name = "Publisher"; Value = "Altium Limited"; VariantName = "[No Variations]"
Add component (AddParameter): Name = "Value"; Value = "1uF"; VariantName = "[No Variations]"
Added Component: Designator=CbpOUT(C0805)
Add component (AddParameter): Name = "LatestRevisionDate"; Value = "29-May-2009"; VariantName = "[No Variations]"
Add component (AddParameter): Name = "LatestRevisionNote"; Value = "IPC-7351 Footprint Added."; VariantName = "[No Variations]"
Add component (AddParameter): Name = "PackageDescription"; Value = "Chip Capacitor"; VariantName = "[No Variations]"
Add component (AddParameter): Name = "PackageReference"; Value = "C0805"; VariantName = "[No Variations]"
Add component (AddParameter): Name = "Published"; Value = "8-Jun-2000"; VariantName = "[No Variations]"
Add component (AddParameter): Name = "Publisher"; Value = "Altium Limited"; VariantName = "[No Variations]"
Add component (AddParameter): Name = "Value"; Value = "1uF"; VariantName = "[No Variations]"
Added Component: Designator=Cx1(C0805)
Add component (AddParameter): Name = "LatestRevisionDate"; Value = "29-May-2009"; VariantName = "[No Variations]"
Add component (AddParameter): Name = "LatestRevisionNote"; Value = "IPC-7351 Footprint Added."; VariantName = "[No Variations]"
Add component (AddParameter): Name = "PackageDescription"; Value = "Chip Capacitor"; VariantName = "[No Variations]"
Add component (AddParameter): Name = "PackageReference"; Value = "C0805"; VariantName = "[No Variations]"
Add component (AddParameter): Name = "Published"; Value = "8-Jun-2000"; VariantName = "[No Variations]"
Add component (AddParameter): Name = "Publisher"; Value = "Altium Limited"; VariantName = "[No Variations]"
Add component (AddParameter): Name = "Value"; Value = "25pF"; VariantName = "[No Variations]"
Added Component: Designator=Cx2(C0805)
Add component (AddParameter): Name = "LatestRevisionDate"; Value = "29-May-2009"; VariantName = "[No Variations]"
Add component (AddParameter): Name = "LatestRevisionNote"; Value = "IPC-7351 Footprint Added."; VariantName = "[No Variations]"
Add component (AddParameter): Name = "PackageDescription"; Value = "Chip Capacitor"; VariantName = "[No Variations]"
Add component (AddParameter): Name = "PackageReference"; Value = "C0805"; VariantName = "[No Variations]"
Add component (AddParameter): Name = "Published"; Value = "8-Jun-2000"; VariantName = "[No Variations]"
Add component (AddParameter): Name = "Publisher"; Value = "Altium Limited"; VariantName = "[No Variations]"
Add component (AddParameter): Name = "Value"; Value = "25pF"; VariantName = "[No Variations]"
Added Component: Designator=I2C(HDR1X2H)
Add component (AddParameter): Name = "LatestRevisionDate"; Value = "17-Jul-2002"; VariantName = "[No Variations]"
Add component (AddParameter): Name = "LatestRevisionNote"; Value = "Re-released for DXP Platform."; VariantName = "[No Variations]"
Add component (AddParameter): Name = "Publisher"; Value = "Altium Limited"; VariantName = "[No Variations]"
Added Component: Designator=J?(FTSH-105-01-XXX-DV-K)
Add component (AddParameter): Name = "CREATED"; Value = "November 30, 2016 - Wendy Xin"; VariantName = "[No Variations]"
Add component (AddParameter): Name = "MANUFACTURER"; Value = "SAMTEC"; VariantName = "[No Variations]"
Add component (AddParameter): Name = "MODIFIED"; Value = ""; VariantName = "[No Variations]"
Add component (AddParameter): Name = "PCB DECAL"; Value = "FTSH-105-01-XXX-DV-K"; VariantName = "[No Variations]"
Added Component: Designator=J(MOLEX_1051330001)
Add component (AddParameter): Name = "Availability"; Value = "Unavailable"; VariantName = "[No Variations]"
Add component (AddParameter): Name = "MF"; Value = "Molex"; VariantName = "[No Variations]"
Add component (AddParameter): Name = "MP"; Value = "105133-0001"; VariantName = "[No Variations]"
Add component (AddParameter): Name = "Package"; Value = "None"; VariantName = "[No Variations]"
Add component (AddParameter): Name = "Price"; Value = "None"; VariantName = "[No Variations]"
Add component (AddParameter): Name = "SnapEDA_Link"; Value = "https://www.snapeda.com/parts/105133-0001/Molex/view-part/4775133/?ref=snap"; VariantName = "[No Variations]"
Add component (AddParameter): Name = "Value"; Value = ""; VariantName = "[No Variations]"
Added Component: Designator=L1(Inductor)
Added Component: Designator=LED(6-0805_N)
Add component (AddParameter): Name = "Code_IPC"; Value = "RESC2012"; VariantName = "[No Variations]"
Add component (AddParameter): Name = "LatestRevisionDate"; Value = "29-May-2009"; VariantName = "[No Variations]"
Add component (AddParameter): Name = "LatestRevisionNote"; Value = "IPC-7351 Footprint Added."; VariantName = "[No Variations]"
Add component (AddParameter): Name = "PackageDescription"; Value = "Chip Resistor 0805 Case Size"; VariantName = "[No Variations]"
Add component (AddParameter): Name = "PackageReference"; Value = "6-0805"; VariantName = "[No Variations]"
Add component (AddParameter): Name = "PackageVersion"; Value = "Mar-2003"; VariantName = "[No Variations]"
Add component (AddParameter): Name = "Published"; Value = "24-Mar-1999"; VariantName = "[No Variations]"
Add component (AddParameter): Name = "Publisher"; Value = "Altium Limited"; VariantName = "[No Variations]"
Added Component: Designator=P_VDD_SWD(HDR1X2H)
Add component (AddParameter): Name = "LatestRevisionDate"; Value = "17-Jul-2002"; VariantName = "[No Variations]"
Add component (AddParameter): Name = "LatestRevisionNote"; Value = "Re-released for DXP Platform."; VariantName = "[No Variations]"
Add component (AddParameter): Name = "Publisher"; Value = "Altium Limited"; VariantName = "[No Variations]"
Added Component: Designator=POWER(HDR1X2H)
Add component (AddParameter): Name = "LatestRevisionDate"; Value = "17-Jul-2002"; VariantName = "[No Variations]"
Add component (AddParameter): Name = "LatestRevisionNote"; Value = "Re-released for DXP Platform."; VariantName = "[No Variations]"
Add component (AddParameter): Name = "Publisher"; Value = "Altium Limited"; VariantName = "[No Variations]"
Added Component: Designator=RESET(HDR1X2H)
Add component (AddParameter): Name = "LatestRevisionDate"; Value = "17-Jul-2002"; VariantName = "[No Variations]"
Add component (AddParameter): Name = "LatestRevisionNote"; Value = "Re-released for DXP Platform."; VariantName = "[No Variations]"
Add component (AddParameter): Name = "Publisher"; Value = "Altium Limited"; VariantName = "[No Variations]"
Added Component: Designator=Rled(6-0805_N)
Add component (AddParameter): Name = "Code_IPC"; Value = "RESC2012"; VariantName = "[No Variations]"
Add component (AddParameter): Name = "LatestRevisionDate"; Value = "29-May-2009"; VariantName = "[No Variations]"
Add component (AddParameter): Name = "LatestRevisionNote"; Value = "IPC-7351 Footprint Added."; VariantName = "[No Variations]"
Add component (AddParameter): Name = "PackageDescription"; Value = "Chip Resistor 0805 Case Size"; VariantName = "[No Variations]"
Add component (AddParameter): Name = "PackageReference"; Value = "6-0805"; VariantName = "[No Variations]"
Add component (AddParameter): Name = "PackageVersion"; Value = "Mar-2003"; VariantName = "[No Variations]"
Add component (AddParameter): Name = "Published"; Value = "24-Mar-1999"; VariantName = "[No Variations]"
Add component (AddParameter): Name = "Publisher"; Value = "Altium Limited"; VariantName = "[No Variations]"
Added Component: Designator=Rpull(6-0805_N)
Add component (AddParameter): Name = "Code_IPC"; Value = "RESC2012"; VariantName = "[No Variations]"
Add component (AddParameter): Name = "LatestRevisionDate"; Value = "29-May-2009"; VariantName = "[No Variations]"
Add component (AddParameter): Name = "LatestRevisionNote"; Value = "IPC-7351 Footprint Added."; VariantName = "[No Variations]"
Add component (AddParameter): Name = "PackageDescription"; Value = "Chip Resistor 0805 Case Size"; VariantName = "[No Variations]"
Add component (AddParameter): Name = "PackageReference"; Value = "6-0805"; VariantName = "[No Variations]"
Add component (AddParameter): Name = "PackageVersion"; Value = "Mar-2003"; VariantName = "[No Variations]"
Add component (AddParameter): Name = "Published"; Value = "24-Mar-1999"; VariantName = "[No Variations]"
Add component (AddParameter): Name = "Publisher"; Value = "Altium Limited"; VariantName = "[No Variations]"
Added Component: Designator=SIGNALS(HDR1X6)
Add component (AddParameter): Name = "LatestRevisionDate"; Value = "17-Jul-2002"; VariantName = "[No Variations]"
Add component (AddParameter): Name = "LatestRevisionNote"; Value = "Re-released for DXP Platform."; VariantName = "[No Variations]"
Add component (AddParameter): Name = "Publisher"; Value = "Altium Limited"; VariantName = "[No Variations]"
Added Component: Designator=U?(SOT_RG1_DIO)
Add component (AddParameter): Name = "Built_By"; Value = "EMA_Matt"; VariantName = "[No Variations]"
Add component (AddParameter): Name = "Copyright"; Value = "Copyright (C) 2018 Accelerated Designs. All rights reserved"; VariantName = "[No Variations]"
Add component (AddParameter): Name = "Manufacturer_Part_Number"; Value = "AP2112K-3.3TRG1"; VariantName = "[No Variations]"
Add component (AddParameter): Name = "RefDes"; Value = "RefDes"; VariantName = "[No Variations]"
Add component (AddParameter): Name = "SourceLibrary"; Value = "Diodes_Inc_2019-12-05"; VariantName = "[No Variations]"
Add component (AddParameter): Name = "Type"; Value = "DEV"; VariantName = "[No Variations]"
Add component (AddParameter): Name = "Vendor"; Value = "Diodes Inc"; VariantName = "[No Variations]"
Added Component: Designator=USB_ID(HDR1X2H)
Add component (AddParameter): Name = "LatestRevisionDate"; Value = "17-Jul-2002"; VariantName = "[No Variations]"
Add component (AddParameter): Name = "LatestRevisionNote"; Value = "Re-released for DXP Platform."; VariantName = "[No Variations]"
Add component (AddParameter): Name = "Publisher"; Value = "Altium Limited"; VariantName = "[No Variations]"
Added Component: Designator=USB_VBUS(HDR1X2H)
Add component (AddParameter): Name = "LatestRevisionDate"; Value = "17-Jul-2002"; VariantName = "[No Variations]"
Add component (AddParameter): Name = "LatestRevisionNote"; Value = "Re-released for DXP Platform."; VariantName = "[No Variations]"
Add component (AddParameter): Name = "Publisher"; Value = "Altium Limited"; VariantName = "[No Variations]"
Added Component: Designator=U(QFP80P1600X1600X120-64N)
Add component (AddParameter): Name = "Availability"; Value = "Unavailable"; VariantName = "[No Variations]"
Add component (AddParameter): Name = "MF"; Value = "Microchip"; VariantName = "[No Variations]"
Add component (AddParameter): Name = "MP"; Value = "ATSAMD21J18A-AU"; VariantName = "[No Variations]"
Add component (AddParameter): Name = "Package"; Value = "TQFP-64 Microchip"; VariantName = "[No Variations]"
Add component (AddParameter): Name = "Price"; Value = "None"; VariantName = "[No Variations]"
Add component (AddParameter): Name = "SnapEDA_Link"; Value = "https://www.snapeda.com/parts/ATSAMD21J18A-AU/Microchip/view-part/588919/?ref=snap"; VariantName = "[No Variations]"
Add component (AddParameter): Name = "Value"; Value = ""; VariantName = "[No Variations]"
Added Component: Designator=Y(XTAL_ABS06-32.768KHZ-T)
Add component (AddParameter): Name = "Availability"; Value = "Unavailable"; VariantName = "[No Variations]"
Add component (AddParameter): Name = "DigiKey-Purchase-URL"; Value = "https://snapeda.com/shop?store=DigiKey&id=108994"; VariantName = "[No Variations]"
Add component (AddParameter): Name = "MF"; Value = "Abracon"; VariantName = "[No Variations]"
Add component (AddParameter): Name = "MP"; Value = "ABS06-32.768KHZ-T"; VariantName = "[No Variations]"
Add component (AddParameter): Name = "Package"; Value = "SMD-2 Abracon"; VariantName = "[No Variations]"
Add component (AddParameter): Name = "Price"; Value = "None"; VariantName = "[No Variations]"
Add component (AddParameter): Name = "SnapEDA_Link"; Value = "https://www.snapeda.com/parts/ABS06-32.768KHZ-T/Abracon%20LLC/view-part/108994/?ref=snap"; VariantName = "[No Variations]"
Add component (AddParameter): Name = "Value"; Value = ""; VariantName = "[No Variations]"
Added Pin To Net: NetName=GND Pin=C1-2
Added Pin To Net: NetName=GND Pin=C2-2
Added Pin To Net: NetName=GND Pin=C3-2
Added Pin To Net: NetName=GND Pin=C4-2
Added Pin To Net: NetName=GND Pin=C5-2
Added Pin To Net: NetName=GND Pin=C6-2
Added Pin To Net: NetName=GND Pin=C7-2
Added Pin To Net: NetName=GND Pin=CbpIN-2
Added Pin To Net: NetName=GND Pin=CbpOUT-2
Added Pin To Net: NetName=GND Pin=Cx1-2
Added Pin To Net: NetName=GND Pin=Cx2-2
Added Pin To Net: NetName=GND Pin=J-5
Added Pin To Net: NetName=GND Pin=J-S1
Added Pin To Net: NetName=GND Pin=J-S2
Added Pin To Net: NetName=GND Pin=J-S3
Added Pin To Net: NetName=GND Pin=J?-3
Added Pin To Net: NetName=GND Pin=J?-5
Added Pin To Net: NetName=GND Pin=POWER-2
Added Pin To Net: NetName=GND Pin=RESET-2
Added Pin To Net: NetName=GND Pin=Rled-2
Added Pin To Net: NetName=GND Pin=U-7
Added Pin To Net: NetName=GND Pin=U-22
Added Pin To Net: NetName=GND Pin=U-33
Added Pin To Net: NetName=GND Pin=U-47
Added Pin To Net: NetName=GND Pin=U-54
Added Pin To Net: NetName=GND Pin=U?-2
Added Pin To Net: NetName=GND Pin=USB_VBUS-1
Added Net: Name=GND
Added Pin To Net: NetName=NetC2_1 Pin=C2-1
Added Pin To Net: NetName=NetC2_1 Pin=C3-1
Added Pin To Net: NetName=NetC2_1 Pin=L1-1
Added Pin To Net: NetName=NetC2_1 Pin=U-8
Added Net: Name=NetC2_1
Added Pin To Net: NetName=NetC7_1 Pin=C7-1
Added Pin To Net: NetName=NetC7_1 Pin=U-55
Added Net: Name=NetC7_1
Added Pin To Net: NetName=NetCbpIN_1 Pin=CbpIN-1
Added Pin To Net: NetName=NetCbpIN_1 Pin=POWER-1
Added Pin To Net: NetName=NetCbpIN_1 Pin=U?-1
Added Pin To Net: NetName=NetCbpIN_1 Pin=U?-3
Added Net: Name=NetCbpIN_1
Added Pin To Net: NetName=NetCx1_1 Pin=Cx1-1
Added Pin To Net: NetName=NetCx1_1 Pin=U-1
Added Pin To Net: NetName=NetCx1_1 Pin=Y-1
Added Net: Name=NetCx1_1
Added Pin To Net: NetName=NetCx2_1 Pin=Cx2-1
Added Pin To Net: NetName=NetCx2_1 Pin=U-2
Added Pin To Net: NetName=NetCx2_1 Pin=Y-2
Added Net: Name=NetCx2_1
Added Pin To Net: NetName=NetI2C_1 Pin=I2C-1
Added Pin To Net: NetName=NetI2C_1 Pin=U-43
Added Net: Name=NetI2C_1
Added Pin To Net: NetName=NetI2C_2 Pin=I2C-2
Added Pin To Net: NetName=NetI2C_2 Pin=U-44
Added Net: Name=NetI2C_2
Added Pin To Net: NetName=NetJ?_1 Pin=J?-1
Added Pin To Net: NetName=NetJ?_1 Pin=P_VDD_SWD-2
Added Net: Name=NetJ?_1
Added Pin To Net: NetName=NetJ?_2 Pin=J?-2
Added Pin To Net: NetName=NetJ?_2 Pin=U-58
Added Net: Name=NetJ?_2
Added Pin To Net: NetName=NetJ?_4 Pin=J?-4
Added Pin To Net: NetName=NetJ?_4 Pin=U-57
Added Net: Name=NetJ?_4
Added Pin To Net: NetName=NetJ?_10 Pin=J?-10
Added Pin To Net: NetName=NetJ?_10 Pin=RESET-1
Added Pin To Net: NetName=NetJ?_10 Pin=Rpull-2
Added Pin To Net: NetName=NetJ?_10 Pin=U-52
Added Net: Name=NetJ?_10
Added Pin To Net: NetName=NetJ_1 Pin=J-1
Added Pin To Net: NetName=NetJ_1 Pin=USB_VBUS-2
Added Net: Name=NetJ_1
Added Pin To Net: NetName=NetJ_2 Pin=J-2
Added Pin To Net: NetName=NetJ_2 Pin=U-45
Added Net: Name=NetJ_2
Added Pin To Net: NetName=NetJ_3 Pin=J-3
Added Pin To Net: NetName=NetJ_3 Pin=U-46
Added Net: Name=NetJ_3
Added Pin To Net: NetName=NetJ_4 Pin=J-4
Added Pin To Net: NetName=NetJ_4 Pin=USB_ID-2
Added Net: Name=NetJ_4
Added Pin To Net: NetName=NetLED_2 Pin=LED-2
Added Pin To Net: NetName=NetLED_2 Pin=Rled-1
Added Net: Name=NetLED_2
Added Pin To Net: NetName=NetSIGNALS_PA02 Pin=U-3
Added Net: Name=NetSIGNALS_PA02
Added Pin To Net: NetName=NetSIGNALS_PA03 Pin=U-4
Added Net: Name=NetSIGNALS_PA03
Added Pin To Net: NetName=NetSIGNALS_PA04 Pin=U-13
Added Net: Name=NetSIGNALS_PA04
Added Pin To Net: NetName=NetSIGNALS_PA08 Pin=U-17
Added Net: Name=NetSIGNALS_PA08
Added Pin To Net: NetName=NetSIGNALS_PA09 Pin=U-18
Added Net: Name=NetSIGNALS_PA09
Added Pin To Net: NetName=NetSIGNALS_PA10 Pin=U-19
Added Net: Name=NetSIGNALS_PA10
Added Pin To Net: NetName=NetU_53 Pin=U-53
Added Pin To Net: NetName=NetU_53 Pin=USB_ID-1
Added Net: Name=NetU_53
Added Pin To Net: NetName=VCC Pin=C1-1
Added Pin To Net: NetName=VCC Pin=C4-1
Added Pin To Net: NetName=VCC Pin=C5-1
Added Pin To Net: NetName=VCC Pin=C6-1
Added Pin To Net: NetName=VCC Pin=CbpOUT-1
Added Pin To Net: NetName=VCC Pin=L1-2
Added Pin To Net: NetName=VCC Pin=LED-1
Added Pin To Net: NetName=VCC Pin=P_VDD_SWD-1
Added Pin To Net: NetName=VCC Pin=Rpull-1
Added Pin To Net: NetName=VCC Pin=U-21
Added Pin To Net: NetName=VCC Pin=U-34
Added Pin To Net: NetName=VCC Pin=U-48
Added Pin To Net: NetName=VCC Pin=U-56
Added Pin To Net: NetName=VCC Pin=U?-5
Added Net: Name=VCC
Added Class: Name=SAMD21_Base_schematic
Added Room: Name=SAMD21_Base_schematic
